<?xml version="1.0" encoding="UTF-8"?>
<testng-results ignored="0" total="1" passed="1" failed="0" skipped="0">
  <reporter-output>
  </reporter-output>
  <suite started-at="2023-02-25T14:48:06Z" name="Pizzahut Application Cart Flow" finished-at="2023-02-25T14:49:29Z" duration-ms="83398">
    <groups>
    </groups>
    <test started-at="2023-02-25T14:48:06Z" name="pizzahut001" finished-at="2023-02-25T14:49:29Z" duration-ms="83398">
      <class name="stepDefinition.testNG">
        <test-method is-config="true" signature="setUp()[pri:0, instance:stepDefinition.testNG@1458ed9c]" started-at="2023-02-25T14:48:06Z" name="setUp" finished-at="2023-02-25T14:48:30Z" duration-ms="24387" status="PASS">
          <reporter-output>
          </reporter-output>
        </test-method> <!-- setUp -->
        <test-method signature="pizzaAddItemToBasketFlow(java.lang.String, java.lang.String, java.lang.String, java.lang.String)[pri:0, instance:stepDefinition.testNG@1458ed9c]" started-at="2023-02-25T14:48:30Z" name="pizzaAddItemToBasketFlow" finished-at="2023-02-25T14:49:29Z" duration-ms="58580" status="PASS">
          <params>
            <param index="0">
              <value>
                <![CDATA[lulu mall bangalore]]>
              </value>
            </param>
            <param index="1">
              <value>
                <![CDATA[Meghashree K]]>
              </value>
            </param>
            <param index="2">
              <value>
                <![CDATA[meghagowda8989@gmail.com]]>
              </value>
            </param>
            <param index="3">
              <value>
                <![CDATA[1234567890]]>
              </value>
            </param>
          </params>
          <reporter-output>
          </reporter-output>
        </test-method> <!-- pizzaAddItemToBasketFlow -->
        <test-method is-config="true" signature="tearDown()[pri:0, instance:stepDefinition.testNG@1458ed9c]" started-at="2023-02-25T14:49:29Z" name="tearDown" finished-at="2023-02-25T14:49:29Z" duration-ms="416" status="PASS">
          <reporter-output>
          </reporter-output>
        </test-method> <!-- tearDown -->
      </class> <!-- stepDefinition.testNG -->
    </test> <!-- pizzahut001 -->
  </suite> <!-- Pizzahut Application Cart Flow -->
</testng-results>
